<?xml version="1.0" encoding="UTF-8"?>
<testsuite name="com.jagi.YeoboApplicationTests" tests="1" skipped="0" failures="0" errors="0" timestamp="2022-09-22T05:26:01" hostname="DESKTOP-KVCQHCD" time="0.138">
  <properties/>
  <testcase name="test()" classname="com.jagi.YeoboApplicationTests" time="0.138"/>
  <system-out><![CDATA[14:25:54.001 [Test worker] DEBUG org.springframework.test.context.BootstrapUtils - Instantiating CacheAwareContextLoaderDelegate from class [org.springframework.test.context.cache.DefaultCacheAwareContextLoaderDelegate]
14:25:54.016 [Test worker] DEBUG org.springframework.test.context.BootstrapUtils - Instantiating BootstrapContext using constructor [public org.springframework.test.context.support.DefaultBootstrapContext(java.lang.Class,org.springframework.test.context.CacheAwareContextLoaderDelegate)]
14:25:54.064 [Test worker] DEBUG org.springframework.test.context.BootstrapUtils - Instantiating TestContextBootstrapper for test class [com.jagi.YeoboApplicationTests] from class [org.springframework.boot.test.context.SpringBootTestContextBootstrapper]
14:25:54.078 [Test worker] INFO org.springframework.boot.test.context.SpringBootTestContextBootstrapper - Neither @ContextConfiguration nor @ContextHierarchy found for test class [com.jagi.YeoboApplicationTests], using SpringBootContextLoader
14:25:54.085 [Test worker] DEBUG org.springframework.test.context.support.AbstractContextLoader - Did not detect default resource location for test class [com.jagi.YeoboApplicationTests]: class path resource [com/jagi/YeoboApplicationTests-context.xml] does not exist
14:25:54.086 [Test worker] DEBUG org.springframework.test.context.support.AbstractContextLoader - Did not detect default resource location for test class [com.jagi.YeoboApplicationTests]: class path resource [com/jagi/YeoboApplicationTestsContext.groovy] does not exist
14:25:54.086 [Test worker] INFO org.springframework.test.context.support.AbstractContextLoader - Could not detect default resource locations for test class [com.jagi.YeoboApplicationTests]: no resource found for suffixes {-context.xml, Context.groovy}.
14:25:54.088 [Test worker] INFO org.springframework.test.context.support.AnnotationConfigContextLoaderUtils - Could not detect default configuration classes for test class [com.jagi.YeoboApplicationTests]: YeoboApplicationTests does not declare any static, non-private, non-final, nested classes annotated with @Configuration.
14:25:54.144 [Test worker] DEBUG org.springframework.test.context.support.ActiveProfilesUtils - Could not find an 'annotation declaring class' for annotation type [org.springframework.test.context.ActiveProfiles] and class [com.jagi.YeoboApplicationTests]
14:25:54.230 [Test worker] DEBUG org.springframework.context.annotation.ClassPathScanningCandidateComponentProvider - Identified candidate component class: file [C:\Users\multicampus\J\_Project2\S07P22C103\backend\build\classes\java\main\com\jagi\YeoboApplication.class]
14:25:54.231 [Test worker] INFO org.springframework.boot.test.context.SpringBootTestContextBootstrapper - Found @SpringBootConfiguration com.jagi.YeoboApplication for test class com.jagi.YeoboApplicationTests
14:25:54.365 [Test worker] DEBUG org.springframework.boot.test.context.SpringBootTestContextBootstrapper - @TestExecutionListeners is not present for class [com.jagi.YeoboApplicationTests]: using defaults.
14:25:54.366 [Test worker] INFO org.springframework.boot.test.context.SpringBootTestContextBootstrapper - Loaded default TestExecutionListener class names from location [META-INF/spring.factories]: [org.springframework.boot.test.autoconfigure.restdocs.RestDocsTestExecutionListener, org.springframework.boot.test.autoconfigure.web.client.MockRestServiceServerResetTestExecutionListener, org.springframework.boot.test.autoconfigure.web.servlet.MockMvcPrintOnlyOnFailureTestExecutionListener, org.springframework.boot.test.autoconfigure.web.servlet.WebDriverTestExecutionListener, org.springframework.boot.test.autoconfigure.webservices.client.MockWebServiceServerTestExecutionListener, org.springframework.boot.test.mock.mockito.MockitoTestExecutionListener, org.springframework.boot.test.mock.mockito.ResetMocksTestExecutionListener, org.springframework.test.context.web.ServletTestExecutionListener, org.springframework.test.context.support.DirtiesContextBeforeModesTestExecutionListener, org.springframework.test.context.event.ApplicationEventsTestExecutionListener, org.springframework.test.context.support.DependencyInjectionTestExecutionListener, org.springframework.test.context.support.DirtiesContextTestExecutionListener, org.springframework.test.context.transaction.TransactionalTestExecutionListener, org.springframework.test.context.jdbc.SqlScriptsTestExecutionListener, org.springframework.test.context.event.EventPublishingTestExecutionListener]
14:25:54.386 [Test worker] INFO org.springframework.boot.test.context.SpringBootTestContextBootstrapper - Using TestExecutionListeners: [org.springframework.test.context.web.ServletTestExecutionListener@18e8473e, org.springframework.test.context.support.DirtiesContextBeforeModesTestExecutionListener@5a2f016d, org.springframework.test.context.event.ApplicationEventsTestExecutionListener@1a38ba58, org.springframework.boot.test.mock.mockito.MockitoTestExecutionListener@3ad394e6, org.springframework.boot.test.autoconfigure.SpringBootDependencyInjectionTestExecutionListener@6058e535, org.springframework.test.context.support.DirtiesContextTestExecutionListener@42deb43a, org.springframework.test.context.transaction.TransactionalTestExecutionListener@1deb2c43, org.springframework.test.context.jdbc.SqlScriptsTestExecutionListener@3bb9efbc, org.springframework.test.context.event.EventPublishingTestExecutionListener@1cefc4b3, org.springframework.boot.test.autoconfigure.restdocs.RestDocsTestExecutionListener@2b27cc70, org.springframework.boot.test.autoconfigure.web.client.MockRestServiceServerResetTestExecutionListener@6f6a7463, org.springframework.boot.test.autoconfigure.web.servlet.MockMvcPrintOnlyOnFailureTestExecutionListener@1bdaa23d, org.springframework.boot.test.autoconfigure.web.servlet.WebDriverTestExecutionListener@79f227a9, org.springframework.boot.test.autoconfigure.webservices.client.MockWebServiceServerTestExecutionListener@6ca320ab, org.springframework.boot.test.mock.mockito.ResetMocksTestExecutionListener@50d68830]
14:25:54.390 [Test worker] DEBUG org.springframework.test.context.support.AbstractDirtiesContextTestExecutionListener - Before test class: context [DefaultTestContext@26d10f2e testClass = YeoboApplicationTests, testInstance = [null], testMethod = [null], testException = [null], mergedContextConfiguration = [WebMergedContextConfiguration@10ad20cb testClass = YeoboApplicationTests, locations = '{}', classes = '{class com.jagi.YeoboApplication}', contextInitializerClasses = '[]', activeProfiles = '{}', propertySourceLocations = '{}', propertySourceProperties = '{org.springframework.boot.test.context.SpringBootTestContextBootstrapper=true}', contextCustomizers = set[org.springframework.boot.test.autoconfigure.actuate.metrics.MetricsExportContextCustomizerFactory$DisableMetricExportContextCustomizer@41e350f1, org.springframework.boot.test.autoconfigure.properties.PropertyMappingContextCustomizer@0, org.springframework.boot.test.autoconfigure.web.servlet.WebDriverContextCustomizerFactory$Customizer@37b70343, org.springframework.boot.test.context.filter.ExcludeFilterContextCustomizer@354fc8f0, org.springframework.boot.test.json.DuplicateJsonObjectContextCustomizerFactory$DuplicateJsonObjectContextCustomizer@58ebfd03, org.springframework.boot.test.mock.mockito.MockitoContextCustomizer@0, org.springframework.boot.test.web.client.TestRestTemplateContextCustomizer@27953a83, org.springframework.boot.test.context.SpringBootTestArgs@1, org.springframework.boot.test.context.SpringBootTestWebEnvironment@6dd7b5a3], resourceBasePath = 'src/main/webapp', contextLoader = 'org.springframework.boot.test.context.SpringBootContextLoader', parent = [null]], attributes = map['org.springframework.test.context.web.ServletTestExecutionListener.activateListener' -> true]], class annotated with @DirtiesContext [false] with mode [null].

  .   ____          _            __ _ _
 /\\ / ___'_ __ _ _(_)_ __  __ _ \ \ \ \
( ( )\___ | '_ | '_| | '_ \/ _` | \ \ \ \
 \\/  ___)| |_)| | | | | || (_| |  ) ) ) )
  '  |____| .__|_| |_|_| |_\__, | / / / /
 =========|_|==============|___/=/_/_/_/
 :: Spring Boot ::                (v2.7.3)

2022-09-22 14:25:54.826  INFO 19092 --- [    Test worker] com.jagi.YeoboApplicationTests           : Starting YeoboApplicationTests using Java 11.0.15 on DESKTOP-KVCQHCD with PID 19092 (started by multicampus in C:\Users\multicampus\J\_Project2\S07P22C103\backend)
2022-09-22 14:25:54.828  INFO 19092 --- [    Test worker] com.jagi.YeoboApplicationTests           : No active profile set, falling back to 1 default profile: "default"
2022-09-22 14:25:55.893  INFO 19092 --- [    Test worker] .s.d.r.c.RepositoryConfigurationDelegate : Bootstrapping Spring Data JPA repositories in DEFAULT mode.
2022-09-22 14:25:55.960  INFO 19092 --- [    Test worker] .s.d.r.c.RepositoryConfigurationDelegate : Finished Spring Data repository scanning in 56 ms. Found 2 JPA repository interfaces.
2022-09-22 14:25:56.722  INFO 19092 --- [    Test worker] o.hibernate.jpa.internal.util.LogHelper  : HHH000204: Processing PersistenceUnitInfo [name: default]
2022-09-22 14:25:56.799  INFO 19092 --- [    Test worker] org.hibernate.Version                    : HHH000412: Hibernate ORM core version 5.6.10.Final
2022-09-22 14:25:57.070  INFO 19092 --- [    Test worker] o.hibernate.annotations.common.Version   : HCANN000001: Hibernate Commons Annotations {5.1.2.Final}
2022-09-22 14:25:57.235  INFO 19092 --- [    Test worker] com.zaxxer.hikari.HikariDataSource       : HikariPool-1 - Starting...
2022-09-22 14:25:57.327  INFO 19092 --- [    Test worker] com.zaxxer.hikari.HikariDataSource       : HikariPool-1 - Start completed.
2022-09-22 14:25:57.376  INFO 19092 --- [    Test worker] org.hibernate.dialect.Dialect            : HHH000400: Using dialect: org.hibernate.dialect.MariaDB106Dialect
2022-09-22 14:25:58.915  INFO 19092 --- [    Test worker] o.h.e.t.j.p.i.JtaPlatformInitiator       : HHH000490: Using JtaPlatform implementation: [org.hibernate.engine.transaction.jta.platform.internal.NoJtaPlatform]
2022-09-22 14:25:58.933  INFO 19092 --- [    Test worker] j.LocalContainerEntityManagerFactoryBean : Initialized JPA EntityManagerFactory for persistence unit 'default'
2022-09-22 14:26:00.158  WARN 19092 --- [    Test worker] JpaBaseConfiguration$JpaWebConfiguration : spring.jpa.open-in-view is enabled by default. Therefore, database queries may be performed during view rendering. Explicitly configure spring.jpa.open-in-view to disable this warning
2022-09-22 14:26:01.834  INFO 19092 --- [    Test worker] com.jagi.YeoboApplicationTests           : Started YeoboApplicationTests in 7.397 seconds (JVM running for 10.501)
lgeun123@naver.com
]]></system-out>
  <system-err><![CDATA[]]></system-err>
</testsuite>
