<?xml version="1.0" encoding="UTF-8"?>
<testsuite name="com.jagi.YeoboApplicationTests" tests="1" skipped="0" failures="0" errors="0" timestamp="2022-10-04T05:32:58" hostname="DESKTOP-KVCQHCD" time="0.44">
  <properties/>
  <testcase name="여행지점수매기기()" classname="com.jagi.YeoboApplicationTests" time="0.44"/>
  <system-out><![CDATA[14:32:49.938 [Test worker] DEBUG org.springframework.test.context.BootstrapUtils - Instantiating CacheAwareContextLoaderDelegate from class [org.springframework.test.context.cache.DefaultCacheAwareContextLoaderDelegate]
14:32:49.950 [Test worker] DEBUG org.springframework.test.context.BootstrapUtils - Instantiating BootstrapContext using constructor [public org.springframework.test.context.support.DefaultBootstrapContext(java.lang.Class,org.springframework.test.context.CacheAwareContextLoaderDelegate)]
14:32:49.990 [Test worker] DEBUG org.springframework.test.context.BootstrapUtils - Instantiating TestContextBootstrapper for test class [com.jagi.YeoboApplicationTests] from class [org.springframework.boot.test.context.SpringBootTestContextBootstrapper]
14:32:50.004 [Test worker] INFO org.springframework.boot.test.context.SpringBootTestContextBootstrapper - Neither @ContextConfiguration nor @ContextHierarchy found for test class [com.jagi.YeoboApplicationTests], using SpringBootContextLoader
14:32:50.009 [Test worker] DEBUG org.springframework.test.context.support.AbstractContextLoader - Did not detect default resource location for test class [com.jagi.YeoboApplicationTests]: class path resource [com/jagi/YeoboApplicationTests-context.xml] does not exist
14:32:50.010 [Test worker] DEBUG org.springframework.test.context.support.AbstractContextLoader - Did not detect default resource location for test class [com.jagi.YeoboApplicationTests]: class path resource [com/jagi/YeoboApplicationTestsContext.groovy] does not exist
14:32:50.010 [Test worker] INFO org.springframework.test.context.support.AbstractContextLoader - Could not detect default resource locations for test class [com.jagi.YeoboApplicationTests]: no resource found for suffixes {-context.xml, Context.groovy}.
14:32:50.011 [Test worker] INFO org.springframework.test.context.support.AnnotationConfigContextLoaderUtils - Could not detect default configuration classes for test class [com.jagi.YeoboApplicationTests]: YeoboApplicationTests does not declare any static, non-private, non-final, nested classes annotated with @Configuration.
14:32:50.066 [Test worker] DEBUG org.springframework.test.context.support.ActiveProfilesUtils - Could not find an 'annotation declaring class' for annotation type [org.springframework.test.context.ActiveProfiles] and class [com.jagi.YeoboApplicationTests]
14:32:50.132 [Test worker] DEBUG org.springframework.context.annotation.ClassPathScanningCandidateComponentProvider - Identified candidate component class: file [C:\Users\multicampus\J\_Project2\S07P22C103\backend\build\classes\java\main\com\jagi\YeoboApplication.class]
14:32:50.133 [Test worker] INFO org.springframework.boot.test.context.SpringBootTestContextBootstrapper - Found @SpringBootConfiguration com.jagi.YeoboApplication for test class com.jagi.YeoboApplicationTests
14:32:50.246 [Test worker] DEBUG org.springframework.boot.test.context.SpringBootTestContextBootstrapper - @TestExecutionListeners is not present for class [com.jagi.YeoboApplicationTests]: using defaults.
14:32:50.246 [Test worker] INFO org.springframework.boot.test.context.SpringBootTestContextBootstrapper - Loaded default TestExecutionListener class names from location [META-INF/spring.factories]: [org.springframework.security.test.context.support.WithSecurityContextTestExecutionListener, org.springframework.security.test.context.support.ReactorContextTestExecutionListener, org.springframework.boot.test.autoconfigure.restdocs.RestDocsTestExecutionListener, org.springframework.boot.test.autoconfigure.web.client.MockRestServiceServerResetTestExecutionListener, org.springframework.boot.test.autoconfigure.web.servlet.MockMvcPrintOnlyOnFailureTestExecutionListener, org.springframework.boot.test.autoconfigure.web.servlet.WebDriverTestExecutionListener, org.springframework.boot.test.autoconfigure.webservices.client.MockWebServiceServerTestExecutionListener, org.springframework.boot.test.mock.mockito.MockitoTestExecutionListener, org.springframework.boot.test.mock.mockito.ResetMocksTestExecutionListener, org.springframework.test.context.web.ServletTestExecutionListener, org.springframework.test.context.support.DirtiesContextBeforeModesTestExecutionListener, org.springframework.test.context.event.ApplicationEventsTestExecutionListener, org.springframework.test.context.support.DependencyInjectionTestExecutionListener, org.springframework.test.context.support.DirtiesContextTestExecutionListener, org.springframework.test.context.transaction.TransactionalTestExecutionListener, org.springframework.test.context.jdbc.SqlScriptsTestExecutionListener, org.springframework.test.context.event.EventPublishingTestExecutionListener]
14:32:50.264 [Test worker] INFO org.springframework.boot.test.context.SpringBootTestContextBootstrapper - Using TestExecutionListeners: [org.springframework.test.context.web.ServletTestExecutionListener@3d829787, org.springframework.test.context.support.DirtiesContextBeforeModesTestExecutionListener@71652c98, org.springframework.test.context.event.ApplicationEventsTestExecutionListener@51bde877, org.springframework.boot.test.mock.mockito.MockitoTestExecutionListener@60b85ba1, org.springframework.boot.test.autoconfigure.SpringBootDependencyInjectionTestExecutionListener@492fc69e, org.springframework.test.context.support.DirtiesContextTestExecutionListener@117632cf, org.springframework.test.context.transaction.TransactionalTestExecutionListener@2fb68ec6, org.springframework.test.context.jdbc.SqlScriptsTestExecutionListener@d71adc2, org.springframework.security.test.context.support.WithSecurityContextTestExecutionListener@3add81c4, org.springframework.test.context.event.EventPublishingTestExecutionListener@1a1d3c1a, org.springframework.security.test.context.support.ReactorContextTestExecutionListener@1c65121, org.springframework.boot.test.autoconfigure.restdocs.RestDocsTestExecutionListener@159e366, org.springframework.boot.test.autoconfigure.web.client.MockRestServiceServerResetTestExecutionListener@57dc9128, org.springframework.boot.test.autoconfigure.web.servlet.MockMvcPrintOnlyOnFailureTestExecutionListener@24528a25, org.springframework.boot.test.autoconfigure.web.servlet.WebDriverTestExecutionListener@17ae98d7, org.springframework.boot.test.autoconfigure.webservices.client.MockWebServiceServerTestExecutionListener@59221b97, org.springframework.boot.test.mock.mockito.ResetMocksTestExecutionListener@6ac4944a]
14:32:50.267 [Test worker] DEBUG org.springframework.test.context.support.AbstractDirtiesContextTestExecutionListener - Before test class: context [DefaultTestContext@31198ceb testClass = YeoboApplicationTests, testInstance = [null], testMethod = [null], testException = [null], mergedContextConfiguration = [WebMergedContextConfiguration@9257031 testClass = YeoboApplicationTests, locations = '{}', classes = '{class com.jagi.YeoboApplication}', contextInitializerClasses = '[]', activeProfiles = '{}', propertySourceLocations = '{}', propertySourceProperties = '{org.springframework.boot.test.context.SpringBootTestContextBootstrapper=true}', contextCustomizers = set[org.springframework.boot.test.autoconfigure.actuate.metrics.MetricsExportContextCustomizerFactory$DisableMetricExportContextCustomizer@3d484181, org.springframework.boot.test.autoconfigure.properties.PropertyMappingContextCustomizer@0, org.springframework.boot.test.autoconfigure.web.servlet.WebDriverContextCustomizerFactory$Customizer@4c37b5b, org.springframework.boot.test.context.filter.ExcludeFilterContextCustomizer@3c435123, org.springframework.boot.test.json.DuplicateJsonObjectContextCustomizerFactory$DuplicateJsonObjectContextCustomizer@78a287ed, org.springframework.boot.test.mock.mockito.MockitoContextCustomizer@0, org.springframework.boot.test.web.client.TestRestTemplateContextCustomizer@3e34ace1, org.springframework.boot.test.context.SpringBootTestArgs@1, org.springframework.boot.test.context.SpringBootTestWebEnvironment@895e367], resourceBasePath = 'src/main/webapp', contextLoader = 'org.springframework.boot.test.context.SpringBootContextLoader', parent = [null]], attributes = map['org.springframework.test.context.web.ServletTestExecutionListener.activateListener' -> true]], class annotated with @DirtiesContext [false] with mode [null].

  .   ____          _            __ _ _
 /\\ / ___'_ __ _ _(_)_ __  __ _ \ \ \ \
( ( )\___ | '_ | '_| | '_ \/ _` | \ \ \ \
 \\/  ___)| |_)| | | | | || (_| |  ) ) ) )
  '  |____| .__|_| |_|_| |_\__, | / / / /
 =========|_|==============|___/=/_/_/_/
 :: Spring Boot ::                (v2.7.3)

2022-10-04 14:32:50.649  INFO 25268 --- [    Test worker] com.jagi.YeoboApplicationTests           : Starting YeoboApplicationTests using Java 11.0.15 on DESKTOP-KVCQHCD with PID 25268 (started by multicampus in C:\Users\multicampus\J\_Project2\S07P22C103\backend)
2022-10-04 14:32:50.651  INFO 25268 --- [    Test worker] com.jagi.YeoboApplicationTests           : The following 1 profile is active: "oauth"
2022-10-04 14:32:51.802  INFO 25268 --- [    Test worker] .s.d.r.c.RepositoryConfigurationDelegate : Bootstrapping Spring Data JPA repositories in DEFAULT mode.
2022-10-04 14:32:51.889  INFO 25268 --- [    Test worker] .s.d.r.c.RepositoryConfigurationDelegate : Finished Spring Data repository scanning in 75 ms. Found 3 JPA repository interfaces.
2022-10-04 14:32:52.652  INFO 25268 --- [    Test worker] com.zaxxer.hikari.HikariDataSource       : HikariPool-1 - Starting...
2022-10-04 14:32:52.857  INFO 25268 --- [    Test worker] com.zaxxer.hikari.HikariDataSource       : HikariPool-1 - Start completed.
2022-10-04 14:32:53.001  INFO 25268 --- [    Test worker] o.hibernate.jpa.internal.util.LogHelper  : HHH000204: Processing PersistenceUnitInfo [name: default]
2022-10-04 14:32:53.071  INFO 25268 --- [    Test worker] org.hibernate.Version                    : HHH000412: Hibernate ORM core version 5.6.10.Final
2022-10-04 14:32:53.311  INFO 25268 --- [    Test worker] o.hibernate.annotations.common.Version   : HCANN000001: Hibernate Commons Annotations {5.1.2.Final}
2022-10-04 14:32:53.495  INFO 25268 --- [    Test worker] org.hibernate.dialect.Dialect            : HHH000400: Using dialect: org.hibernate.dialect.MariaDB103Dialect
2022-10-04 14:32:54.768  INFO 25268 --- [    Test worker] o.h.e.t.j.p.i.JtaPlatformInitiator       : HHH000490: Using JtaPlatform implementation: [org.hibernate.engine.transaction.jta.platform.internal.NoJtaPlatform]
2022-10-04 14:32:54.776  INFO 25268 --- [    Test worker] j.LocalContainerEntityManagerFactoryBean : Initialized JPA EntityManagerFactory for persistence unit 'default'
2022-10-04 14:32:55.503  WARN 25268 --- [    Test worker] JpaBaseConfiguration$JpaWebConfiguration : spring.jpa.open-in-view is enabled by default. Therefore, database queries may be performed during view rendering. Explicitly configure spring.jpa.open-in-view to disable this warning
2022-10-04 14:32:56.772  INFO 25268 --- [    Test worker] o.s.s.web.DefaultSecurityFilterChain     : Will secure any request with [org.springframework.security.web.session.DisableEncodeUrlFilter@4708acc6, org.springframework.security.web.context.request.async.WebAsyncManagerIntegrationFilter@59cc46a4, org.springframework.security.web.context.SecurityContextPersistenceFilter@58a93f51, org.springframework.security.web.header.HeaderWriterFilter@5120886f, org.springframework.web.filter.CorsFilter@750448fb, org.springframework.security.web.authentication.logout.LogoutFilter@499f9003, org.springframework.security.oauth2.client.web.OAuth2AuthorizationRequestRedirectFilter@465e9090, org.springframework.security.oauth2.client.web.OAuth2LoginAuthenticationFilter@4ad04b05, com.jagi.yeobo.config.security.JwtAuthenticationFilter@724e82d9, com.jagi.yeobo.config.security.JwtAuthenticationFilter@70a26eca, org.springframework.security.web.authentication.ui.DefaultLoginPageGeneratingFilter@2d2afbdf, org.springframework.security.web.authentication.ui.DefaultLogoutPageGeneratingFilter@4b60ff1c, org.springframework.security.web.savedrequest.RequestCacheAwareFilter@738955e6, org.springframework.security.web.servletapi.SecurityContextHolderAwareRequestFilter@6f915016, org.springframework.security.web.authentication.AnonymousAuthenticationFilter@1c74251b, org.springframework.security.web.session.SessionManagementFilter@282d1023, org.springframework.security.web.access.ExceptionTranslationFilter@152bb4cc, org.springframework.security.web.access.intercept.FilterSecurityInterceptor@35bcf3a6]
2022-10-04 14:32:57.214  WARN 25268 --- [    Test worker] o.s.b.a.m.MustacheAutoConfiguration      : Cannot find template location: classpath:/templates/ (please add some templates, check your Mustache configuration, or set spring.mustache.check-template-location=false)
2022-10-04 14:32:57.887  WARN 25268 --- [    Test worker] d.s.r.o.OperationImplicitParameterReader : Unable to interpret the implicit parameter configuration with dataType: long, dataTypeClass: class java.lang.Void
2022-10-04 14:32:57.915  WARN 25268 --- [    Test worker] d.s.r.o.OperationImplicitParameterReader : Unable to interpret the implicit parameter configuration with dataType: , dataTypeClass: class java.lang.Void
2022-10-04 14:32:57.915  WARN 25268 --- [    Test worker] d.s.r.o.OperationImplicitParameterReader : Unable to interpret the implicit parameter configuration with dataType: , dataTypeClass: class java.lang.Void
2022-10-04 14:32:57.953  INFO 25268 --- [    Test worker] s.a.ScheduledAnnotationBeanPostProcessor : No TaskScheduler/ScheduledExecutorService bean found for scheduled processing
2022-10-04 14:32:57.966  INFO 25268 --- [    Test worker] com.jagi.YeoboApplicationTests           : Started YeoboApplicationTests in 7.662 seconds (JVM running for 10.308)
2022-10-04 14:32:58.147 DEBUG 25268 --- [    Test worker] org.hibernate.SQL                        : 
    select
        user0_.user_id as user_id1_7_0_,
        user0_.age as age2_7_0_,
        user0_.email as email3_7_0_,
        user0_.gender as gender4_7_0_,
        user0_.nickname as nickname5_7_0_,
        user0_.password as password6_7_0_,
        user0_.profile_path as profile_7_7_0_,
        user0_.refresh_token as refresh_8_7_0_,
        user0_.role as role9_7_0_,
        roles1_.user_user_id as user_use1_8_1_,
        roles1_.roles as roles2_8_1_ 
    from
        user user0_ 
    left outer join
        user_roles roles1_ 
            on user0_.user_id=roles1_.user_user_id 
    where
        user0_.user_id=?
2022-10-04 14:32:58.225 DEBUG 25268 --- [    Test worker] org.hibernate.SQL                        : 
    select
        attraction0_.attraction_id as attracti1_1_0_,
        attraction0_.address as address2_1_0_,
        attraction0_.area_code as area_cod3_1_0_,
        attraction0_.category as category4_1_0_,
        attraction0_.description as descript5_1_0_,
        attraction0_.image as image6_1_0_,
        attraction0_.image2 as image7_1_0_,
        attraction0_.mapx as mapx8_1_0_,
        attraction0_.mapy as mapy9_1_0_,
        attraction0_.name as name10_1_0_,
        attraction0_.read_count as read_co11_1_0_,
        attraction0_.score as score12_1_0_ 
    from
        attraction attraction0_ 
    where
        attraction0_.attraction_id=?
2022-10-04 14:32:58.380 DEBUG 25268 --- [    Test worker] org.hibernate.SQL                        : 
    select
        score0_.score_id as score_id1_5_,
        score0_.attraction_id as attracti3_5_,
        score0_.score as score2_5_,
        score0_.user_id as user_id4_5_ 
    from
        score score0_ 
    where
        score0_.user_id=? 
        and score0_.attraction_id=?
>>>기존 score
2022-10-04 14:32:58.402 DEBUG 25268 --- [    Test worker] org.hibernate.SQL                        : 
    select
        score0_.score_id as score_id1_5_0_,
        score0_.attraction_id as attracti3_5_0_,
        score0_.score as score2_5_0_,
        score0_.user_id as user_id4_5_0_ 
    from
        score score0_ 
    where
        score0_.score_id=?
Score{id=1, userId=1, attractionId=127484, score=5.0}
]]></system-out>
  <system-err><![CDATA[]]></system-err>
</testsuite>
