<?xml version="1.0" encoding="UTF-8"?>
<testsuite name="com.jagi.YeoboApplicationTests" tests="1" skipped="0" failures="0" errors="0" timestamp="2022-09-19T02:35:02" hostname="DESKTOP-KVCQHCD" time="0.192">
  <properties/>
  <testcase name="contextLoads()" classname="com.jagi.YeoboApplicationTests" time="0.192"/>
  <system-out><![CDATA[11:34:52.173 [Test worker] DEBUG org.springframework.test.context.BootstrapUtils - Instantiating CacheAwareContextLoaderDelegate from class [org.springframework.test.context.cache.DefaultCacheAwareContextLoaderDelegate]
11:34:52.190 [Test worker] DEBUG org.springframework.test.context.BootstrapUtils - Instantiating BootstrapContext using constructor [public org.springframework.test.context.support.DefaultBootstrapContext(java.lang.Class,org.springframework.test.context.CacheAwareContextLoaderDelegate)]
11:34:52.267 [Test worker] DEBUG org.springframework.test.context.BootstrapUtils - Instantiating TestContextBootstrapper for test class [com.jagi.YeoboApplicationTests] from class [org.springframework.boot.test.context.SpringBootTestContextBootstrapper]
11:34:52.279 [Test worker] INFO org.springframework.boot.test.context.SpringBootTestContextBootstrapper - Neither @ContextConfiguration nor @ContextHierarchy found for test class [com.jagi.YeoboApplicationTests], using SpringBootContextLoader
11:34:52.283 [Test worker] DEBUG org.springframework.test.context.support.AbstractContextLoader - Did not detect default resource location for test class [com.jagi.YeoboApplicationTests]: class path resource [com/jagi/YeoboApplicationTests-context.xml] does not exist
11:34:52.287 [Test worker] DEBUG org.springframework.test.context.support.AbstractContextLoader - Did not detect default resource location for test class [com.jagi.YeoboApplicationTests]: class path resource [com/jagi/YeoboApplicationTestsContext.groovy] does not exist
11:34:52.288 [Test worker] INFO org.springframework.test.context.support.AbstractContextLoader - Could not detect default resource locations for test class [com.jagi.YeoboApplicationTests]: no resource found for suffixes {-context.xml, Context.groovy}.
11:34:52.290 [Test worker] INFO org.springframework.test.context.support.AnnotationConfigContextLoaderUtils - Could not detect default configuration classes for test class [com.jagi.YeoboApplicationTests]: YeoboApplicationTests does not declare any static, non-private, non-final, nested classes annotated with @Configuration.
11:34:52.353 [Test worker] DEBUG org.springframework.test.context.support.ActiveProfilesUtils - Could not find an 'annotation declaring class' for annotation type [org.springframework.test.context.ActiveProfiles] and class [com.jagi.YeoboApplicationTests]
11:34:52.436 [Test worker] DEBUG org.springframework.context.annotation.ClassPathScanningCandidateComponentProvider - Identified candidate component class: file [C:\Users\multicampus\Desktop\S07P22C103\backend\build\classes\java\main\com\jagi\YeoboApplication.class]
11:34:52.437 [Test worker] INFO org.springframework.boot.test.context.SpringBootTestContextBootstrapper - Found @SpringBootConfiguration com.jagi.YeoboApplication for test class com.jagi.YeoboApplicationTests
11:34:52.630 [Test worker] DEBUG org.springframework.boot.test.context.SpringBootTestContextBootstrapper - @TestExecutionListeners is not present for class [com.jagi.YeoboApplicationTests]: using defaults.
11:34:52.631 [Test worker] INFO org.springframework.boot.test.context.SpringBootTestContextBootstrapper - Loaded default TestExecutionListener class names from location [META-INF/spring.factories]: [org.springframework.security.test.context.support.WithSecurityContextTestExecutionListener, org.springframework.security.test.context.support.ReactorContextTestExecutionListener, org.springframework.boot.test.autoconfigure.restdocs.RestDocsTestExecutionListener, org.springframework.boot.test.autoconfigure.web.client.MockRestServiceServerResetTestExecutionListener, org.springframework.boot.test.autoconfigure.web.servlet.MockMvcPrintOnlyOnFailureTestExecutionListener, org.springframework.boot.test.autoconfigure.web.servlet.WebDriverTestExecutionListener, org.springframework.boot.test.autoconfigure.webservices.client.MockWebServiceServerTestExecutionListener, org.springframework.boot.test.mock.mockito.MockitoTestExecutionListener, org.springframework.boot.test.mock.mockito.ResetMocksTestExecutionListener, org.springframework.test.context.web.ServletTestExecutionListener, org.springframework.test.context.support.DirtiesContextBeforeModesTestExecutionListener, org.springframework.test.context.event.ApplicationEventsTestExecutionListener, org.springframework.test.context.support.DependencyInjectionTestExecutionListener, org.springframework.test.context.support.DirtiesContextTestExecutionListener, org.springframework.test.context.transaction.TransactionalTestExecutionListener, org.springframework.test.context.jdbc.SqlScriptsTestExecutionListener, org.springframework.test.context.event.EventPublishingTestExecutionListener]
11:34:52.669 [Test worker] INFO org.springframework.boot.test.context.SpringBootTestContextBootstrapper - Using TestExecutionListeners: [org.springframework.test.context.web.ServletTestExecutionListener@436390f4, org.springframework.test.context.support.DirtiesContextBeforeModesTestExecutionListener@4d157787, org.springframework.test.context.event.ApplicationEventsTestExecutionListener@68ed96ca, org.springframework.boot.test.mock.mockito.MockitoTestExecutionListener@6d1310f6, org.springframework.boot.test.autoconfigure.SpringBootDependencyInjectionTestExecutionListener@3228d990, org.springframework.test.context.support.DirtiesContextTestExecutionListener@54e7391d, org.springframework.test.context.transaction.TransactionalTestExecutionListener@50b8ae8d, org.springframework.test.context.jdbc.SqlScriptsTestExecutionListener@255990cc, org.springframework.security.test.context.support.WithSecurityContextTestExecutionListener@51c929ae, org.springframework.test.context.event.EventPublishingTestExecutionListener@3c8bdd5b, org.springframework.security.test.context.support.ReactorContextTestExecutionListener@29d2d081, org.springframework.boot.test.autoconfigure.restdocs.RestDocsTestExecutionListener@40e4ea87, org.springframework.boot.test.autoconfigure.web.client.MockRestServiceServerResetTestExecutionListener@58783f6c, org.springframework.boot.test.autoconfigure.web.servlet.MockMvcPrintOnlyOnFailureTestExecutionListener@3a7b503d, org.springframework.boot.test.autoconfigure.web.servlet.WebDriverTestExecutionListener@512d92b, org.springframework.boot.test.autoconfigure.webservices.client.MockWebServiceServerTestExecutionListener@62c5bbdc, org.springframework.boot.test.mock.mockito.ResetMocksTestExecutionListener@7bdf6bb7]
11:34:52.679 [Test worker] DEBUG org.springframework.test.context.support.AbstractDirtiesContextTestExecutionListener - Before test class: context [DefaultTestContext@610db97e testClass = YeoboApplicationTests, testInstance = [null], testMethod = [null], testException = [null], mergedContextConfiguration = [WebMergedContextConfiguration@6f0628de testClass = YeoboApplicationTests, locations = '{}', classes = '{class com.jagi.YeoboApplication}', contextInitializerClasses = '[]', activeProfiles = '{}', propertySourceLocations = '{}', propertySourceProperties = '{org.springframework.boot.test.context.SpringBootTestContextBootstrapper=true}', contextCustomizers = set[org.springframework.boot.test.autoconfigure.actuate.metrics.MetricsExportContextCustomizerFactory$DisableMetricExportContextCustomizer@4d18aa28, org.springframework.boot.test.autoconfigure.properties.PropertyMappingContextCustomizer@0, org.springframework.boot.test.autoconfigure.web.servlet.WebDriverContextCustomizerFactory$Customizer@10c626be, org.springframework.boot.test.context.filter.ExcludeFilterContextCustomizer@201b6b6f, org.springframework.boot.test.json.DuplicateJsonObjectContextCustomizerFactory$DuplicateJsonObjectContextCustomizer@67ab1c47, org.springframework.boot.test.mock.mockito.MockitoContextCustomizer@0, org.springframework.boot.test.web.client.TestRestTemplateContextCustomizer@14b030a0, org.springframework.boot.test.context.SpringBootTestArgs@1, org.springframework.boot.test.context.SpringBootTestWebEnvironment@452e19ca], resourceBasePath = 'src/main/webapp', contextLoader = 'org.springframework.boot.test.context.SpringBootContextLoader', parent = [null]], attributes = map['org.springframework.test.context.web.ServletTestExecutionListener.activateListener' -> true]], class annotated with @DirtiesContext [false] with mode [null].

  .   ____          _            __ _ _
 /\\ / ___'_ __ _ _(_)_ __  __ _ \ \ \ \
( ( )\___ | '_ | '_| | '_ \/ _` | \ \ \ \
 \\/  ___)| |_)| | | | | || (_| |  ) ) ) )
  '  |____| .__|_| |_|_| |_\__, | / / / /
 =========|_|==============|___/=/_/_/_/
 :: Spring Boot ::                (v2.7.3)

2022-09-19 11:34:53.344  INFO 22756 --- [    Test worker] com.jagi.YeoboApplicationTests           : Starting YeoboApplicationTests using Java 11.0.15 on DESKTOP-KVCQHCD with PID 22756 (started by multicampus in C:\Users\multicampus\Desktop\S07P22C103\backend)
2022-09-19 11:34:53.357  INFO 22756 --- [    Test worker] com.jagi.YeoboApplicationTests           : No active profile set, falling back to 1 default profile: "default"
2022-09-19 11:34:54.970  INFO 22756 --- [    Test worker] .s.d.r.c.RepositoryConfigurationDelegate : Bootstrapping Spring Data JPA repositories in DEFAULT mode.
2022-09-19 11:34:55.004  INFO 22756 --- [    Test worker] .s.d.r.c.RepositoryConfigurationDelegate : Finished Spring Data repository scanning in 21 ms. Found 0 JPA repository interfaces.
2022-09-19 11:34:56.487  INFO 22756 --- [    Test worker] o.hibernate.jpa.internal.util.LogHelper  : HHH000204: Processing PersistenceUnitInfo [name: default]
2022-09-19 11:34:56.639  INFO 22756 --- [    Test worker] org.hibernate.Version                    : HHH000412: Hibernate ORM core version 5.6.10.Final
2022-09-19 11:34:57.100  INFO 22756 --- [    Test worker] o.hibernate.annotations.common.Version   : HCANN000001: Hibernate Commons Annotations {5.1.2.Final}
2022-09-19 11:34:57.430  INFO 22756 --- [    Test worker] com.zaxxer.hikari.HikariDataSource       : HikariPool-1 - Starting...
2022-09-19 11:34:57.629  INFO 22756 --- [    Test worker] com.zaxxer.hikari.HikariDataSource       : HikariPool-1 - Start completed.
2022-09-19 11:34:57.731  INFO 22756 --- [    Test worker] org.hibernate.dialect.Dialect            : HHH000400: Using dialect: org.hibernate.dialect.MariaDB106Dialect
2022-09-19 11:34:59.714  INFO 22756 --- [    Test worker] o.h.e.t.j.p.i.JtaPlatformInitiator       : HHH000490: Using JtaPlatform implementation: [org.hibernate.engine.transaction.jta.platform.internal.NoJtaPlatform]
2022-09-19 11:34:59.743  INFO 22756 --- [    Test worker] j.LocalContainerEntityManagerFactoryBean : Initialized JPA EntityManagerFactory for persistence unit 'default'
2022-09-19 11:35:00.346  WARN 22756 --- [    Test worker] JpaBaseConfiguration$JpaWebConfiguration : spring.jpa.open-in-view is enabled by default. Therefore, database queries may be performed during view rendering. Explicitly configure spring.jpa.open-in-view to disable this warning
2022-09-19 11:35:02.104  WARN 22756 --- [    Test worker] .s.s.UserDetailsServiceAutoConfiguration : 

Using generated security password: f1770e19-445e-472e-8028-bcc2341d9fe2

This generated password is for development use only. Your security configuration must be updated before running your application in production.

2022-09-19 11:35:02.531  INFO 22756 --- [    Test worker] o.s.s.web.DefaultSecurityFilterChain     : Will secure any request with [org.springframework.security.web.session.DisableEncodeUrlFilter@7ab2e018, org.springframework.security.web.context.request.async.WebAsyncManagerIntegrationFilter@4e13af1b, org.springframework.security.web.context.SecurityContextPersistenceFilter@68e094c9, org.springframework.security.web.header.HeaderWriterFilter@193f3306, org.springframework.security.web.csrf.CsrfFilter@3d5e0bf0, org.springframework.security.web.authentication.logout.LogoutFilter@5b72b13a, org.springframework.security.web.authentication.UsernamePasswordAuthenticationFilter@7b43f95c, org.springframework.security.web.authentication.ui.DefaultLoginPageGeneratingFilter@79486f38, org.springframework.security.web.authentication.ui.DefaultLogoutPageGeneratingFilter@468eff41, org.springframework.security.web.authentication.www.BasicAuthenticationFilter@7eb94590, org.springframework.security.web.savedrequest.RequestCacheAwareFilter@3c34c491, org.springframework.security.web.servletapi.SecurityContextHolderAwareRequestFilter@509e4902, org.springframework.security.web.authentication.AnonymousAuthenticationFilter@1574f323, org.springframework.security.web.session.SessionManagementFilter@2148b47e, org.springframework.security.web.access.ExceptionTranslationFilter@59db8216, org.springframework.security.web.access.intercept.FilterSecurityInterceptor@2dec57c5]
2022-09-19 11:35:02.698  INFO 22756 --- [    Test worker] com.jagi.YeoboApplicationTests           : Started YeoboApplicationTests in 9.963 seconds (JVM running for 12.65)
]]></system-out>
  <system-err><![CDATA[]]></system-err>
</testsuite>
